<?xml version="1.0" encoding="UTF-8"?>
<robot generator="Robot 4.1.3 (Python 3.9.9 on win32)" generated="20220118 11:29:50.273" rpa="false" schemaversion="2">
<suite id="s1" name="Suite" source="C:\Users\jaime\OneDrive\Área de Trabalho\RobotFramework\AutomationUserRegistration\suite.robot">
<test id="s1-t1" name="Caso de Teste 01: Criar uma conta no site">
<kw name="Abrir página do site da loja" library="resources">
<kw name="Open Browser" library="SeleniumLibrary">
<arg>url=${URL}</arg>
<arg>browser=${BROWSER}</arg>
<doc>Opens a new browser instance to the optional ``url``.</doc>
<msg timestamp="20220118 11:29:52.476" level="INFO">Opening browser 'chrome' to base url 'http://automationpractice.com/index.php'.</msg>
<status status="PASS" starttime="20220118 11:29:52.471" endtime="20220118 11:30:05.857"/>
</kw>
<status status="PASS" starttime="20220118 11:29:52.468" endtime="20220118 11:30:05.858"/>
</kw>
<kw name="Maximizar a janela" library="resources">
<kw name="Maximize Browser Window" library="SeleniumLibrary">
<doc>Maximizes current browser window.</doc>
<status status="PASS" starttime="20220118 11:30:05.886" endtime="20220118 11:30:07.462"/>
</kw>
<status status="PASS" starttime="20220118 11:30:05.883" endtime="20220118 11:30:07.463"/>
</kw>
<kw name="Clicar em sign in" library="resources">
<kw name="Click Element" library="SeleniumLibrary">
<arg>xpath=//*[@id="header"]/div[2]/div/div/nav/div[1]/a</arg>
<doc>Click the element identified by ``locator``.</doc>
<msg timestamp="20220118 11:30:07.470" level="INFO">Clicking element 'xpath=//*[@id="header"]/div[2]/div/div/nav/div[1]/a'.</msg>
<status status="PASS" starttime="20220118 11:30:07.468" endtime="20220118 11:30:11.658"/>
</kw>
<status status="PASS" starttime="20220118 11:30:07.465" endtime="20220118 11:30:11.659"/>
</kw>
<kw name="Dar um scroll até aparecer o botão" library="resources">
<kw name="Scroll Element Into View" library="SeleniumLibrary">
<arg>xpath=//*[@id="SubmitCreate"]/span</arg>
<doc>Scrolls the element identified by ``locator`` into view.</doc>
<status status="PASS" starttime="20220118 11:30:11.737" endtime="20220118 11:30:12.617"/>
</kw>
<status status="PASS" starttime="20220118 11:30:11.734" endtime="20220118 11:30:12.618"/>
</kw>
<kw name="Clicar na caixa email address" library="resources">
<kw name="Click Element" library="SeleniumLibrary">
<arg>//*[@id="email_create"]</arg>
<doc>Click the element identified by ``locator``.</doc>
<msg timestamp="20220118 11:30:12.625" level="INFO">Clicking element '//*[@id="email_create"]'.</msg>
<status status="PASS" starttime="20220118 11:30:12.623" endtime="20220118 11:30:13.073"/>
</kw>
<status status="PASS" starttime="20220118 11:30:12.621" endtime="20220118 11:30:13.076"/>
</kw>
<kw name="Preencher com o email" library="resources">
<kw name="Input Text" library="SeleniumLibrary">
<arg>xpath=//*[@id="email_create"]</arg>
<arg>jatataja@gmail.com</arg>
<doc>Types the given ``text`` into the text field identified by ``locator``.</doc>
<msg timestamp="20220118 11:30:13.098" level="INFO">Typing text 'jatataja@gmail.com' into text field 'xpath=//*[@id="email_create"]'.</msg>
<status status="PASS" starttime="20220118 11:30:13.094" endtime="20220118 11:30:14.158"/>
</kw>
<kw name="Sleep" library="BuiltIn">
<arg>4s</arg>
<doc>Pauses the test executed for the given time.</doc>
<msg timestamp="20220118 11:30:18.185" level="INFO">Slept 4 seconds</msg>
<status status="PASS" starttime="20220118 11:30:14.159" endtime="20220118 11:30:18.185"/>
</kw>
<status status="PASS" starttime="20220118 11:30:13.091" endtime="20220118 11:30:18.187"/>
</kw>
<kw name="Clicar no botão Create an account" library="resources">
<kw name="Click Element" library="SeleniumLibrary">
<arg>xpath=//*[@id="SubmitCreate"]/span</arg>
<doc>Click the element identified by ``locator``.</doc>
<msg timestamp="20220118 11:30:18.195" level="INFO">Clicking element 'xpath=//*[@id="SubmitCreate"]/span'.</msg>
<status status="PASS" starttime="20220118 11:30:18.194" endtime="20220118 11:30:18.679"/>
</kw>
<kw name="Sleep" library="BuiltIn">
<arg>4s</arg>
<doc>Pauses the test executed for the given time.</doc>
<msg timestamp="20220118 11:30:22.689" level="INFO">Slept 4 seconds</msg>
<status status="PASS" starttime="20220118 11:30:18.680" endtime="20220118 11:30:22.690"/>
</kw>
<status status="PASS" starttime="20220118 11:30:18.191" endtime="20220118 11:30:22.691"/>
</kw>
<kw name="Clicar na opção Mr. em Title" library="resources">
<kw name="Click Element" library="SeleniumLibrary">
<arg>id=id_gender1</arg>
<doc>Click the element identified by ``locator``.</doc>
<msg timestamp="20220118 11:30:22.706" level="INFO">Clicking element 'id=id_gender1'.</msg>
<status status="PASS" starttime="20220118 11:30:22.699" endtime="20220118 11:30:23.142"/>
</kw>
<status status="PASS" starttime="20220118 11:30:22.697" endtime="20220118 11:30:23.143"/>
</kw>
<kw name="Dar um scroll" library="resources">
<kw name="Scroll Element Into View" library="SeleniumLibrary">
<arg>xpath=//*[@id="account-creation_form"]/div[2]/h3</arg>
<doc>Scrolls the element identified by ``locator`` into view.</doc>
<status status="PASS" starttime="20220118 11:30:23.158" endtime="20220118 11:30:23.591"/>
</kw>
<kw name="Sleep" library="BuiltIn">
<arg>1s</arg>
<doc>Pauses the test executed for the given time.</doc>
<msg timestamp="20220118 11:30:24.597" level="INFO">Slept 1 second</msg>
<status status="PASS" starttime="20220118 11:30:23.592" endtime="20220118 11:30:24.598"/>
</kw>
<status status="PASS" starttime="20220118 11:30:23.156" endtime="20220118 11:30:24.599"/>
</kw>
<kw name="Preencher os campos com informações pessoais" library="resources">
<kw name="Input Text" library="SeleniumLibrary">
<arg>xpath=//*[@id="customer_firstname"]</arg>
<arg>Kleber</arg>
<doc>Types the given ``text`` into the text field identified by ``locator``.</doc>
<msg timestamp="20220118 11:30:24.607" level="INFO">Typing text 'Kleber' into text field 'xpath=//*[@id="customer_firstname"]'.</msg>
<status status="PASS" starttime="20220118 11:30:24.604" endtime="20220118 11:30:25.549"/>
</kw>
<kw name="Input Text" library="SeleniumLibrary">
<arg>xpath=//*[@id="customer_lastname"]</arg>
<arg>Krebinho</arg>
<doc>Types the given ``text`` into the text field identified by ``locator``.</doc>
<msg timestamp="20220118 11:30:25.551" level="INFO">Typing text 'Krebinho' into text field 'xpath=//*[@id="customer_lastname"]'.</msg>
<status status="PASS" starttime="20220118 11:30:25.549" endtime="20220118 11:30:26.438"/>
</kw>
<kw name="Input Text" library="SeleniumLibrary">
<arg>xpath=//*[@id="passwd"]</arg>
<arg>123456</arg>
<doc>Types the given ``text`` into the text field identified by ``locator``.</doc>
<msg timestamp="20220118 11:30:26.440" level="INFO">Typing text '123456' into text field 'xpath=//*[@id="passwd"]'.</msg>
<status status="PASS" starttime="20220118 11:30:26.438" endtime="20220118 11:30:27.373"/>
</kw>
<kw name="Sleep" library="BuiltIn">
<arg>1s</arg>
<doc>Pauses the test executed for the given time.</doc>
<msg timestamp="20220118 11:30:28.388" level="INFO">Slept 1 second</msg>
<status status="PASS" starttime="20220118 11:30:27.374" endtime="20220118 11:30:28.389"/>
</kw>
<kw name="Click Element" library="SeleniumLibrary">
<arg>xpath=//*[@id="days"]</arg>
<doc>Click the element identified by ``locator``.</doc>
<msg timestamp="20220118 11:30:28.391" level="INFO">Clicking element 'xpath=//*[@id="days"]'.</msg>
<status status="PASS" starttime="20220118 11:30:28.389" endtime="20220118 11:30:29.047"/>
</kw>
<kw name="Click Element" library="SeleniumLibrary">
<arg>xpath=//*[@id="days"]/option[6]</arg>
<doc>Click the element identified by ``locator``.</doc>
<msg timestamp="20220118 11:30:29.049" level="INFO">Clicking element 'xpath=//*[@id="days"]/option[6]'.</msg>
<status status="PASS" starttime="20220118 11:30:29.048" endtime="20220118 11:30:29.762"/>
</kw>
<kw name="Sleep" library="BuiltIn">
<arg>0.8s</arg>
<doc>Pauses the test executed for the given time.</doc>
<msg timestamp="20220118 11:30:30.565" level="INFO">Slept 800 milliseconds</msg>
<status status="PASS" starttime="20220118 11:30:29.763" endtime="20220118 11:30:30.566"/>
</kw>
<kw name="Click Element" library="SeleniumLibrary">
<arg>xpath=//*[@id="months"]</arg>
<doc>Click the element identified by ``locator``.</doc>
<msg timestamp="20220118 11:30:30.569" level="INFO">Clicking element 'xpath=//*[@id="months"]'.</msg>
<status status="PASS" starttime="20220118 11:30:30.567" endtime="20220118 11:30:31.206"/>
</kw>
<kw name="Click Element" library="SeleniumLibrary">
<arg>xpath=//*[@id="months"]/option[4]</arg>
<doc>Click the element identified by ``locator``.</doc>
<msg timestamp="20220118 11:30:31.214" level="INFO">Clicking element 'xpath=//*[@id="months"]/option[4]'.</msg>
<status status="PASS" starttime="20220118 11:30:31.207" endtime="20220118 11:30:31.618"/>
</kw>
<kw name="Sleep" library="BuiltIn">
<arg>0.8s</arg>
<doc>Pauses the test executed for the given time.</doc>
<msg timestamp="20220118 11:30:32.420" level="INFO">Slept 800 milliseconds</msg>
<status status="PASS" starttime="20220118 11:30:31.619" endtime="20220118 11:30:32.421"/>
</kw>
<kw name="Click Element" library="SeleniumLibrary">
<arg>xpath=//*[@id="years"]</arg>
<doc>Click the element identified by ``locator``.</doc>
<msg timestamp="20220118 11:30:32.424" level="INFO">Clicking element 'xpath=//*[@id="years"]'.</msg>
<status status="PASS" starttime="20220118 11:30:32.421" endtime="20220118 11:30:33.141"/>
</kw>
<kw name="Click Element" library="SeleniumLibrary">
<arg>xpath=//*[@id="years"]/option[34]</arg>
<doc>Click the element identified by ``locator``.</doc>
<msg timestamp="20220118 11:30:33.144" level="INFO">Clicking element 'xpath=//*[@id="years"]/option[34]'.</msg>
<status status="PASS" starttime="20220118 11:30:33.142" endtime="20220118 11:30:33.703"/>
</kw>
<kw name="Sleep" library="BuiltIn">
<arg>1s</arg>
<doc>Pauses the test executed for the given time.</doc>
<msg timestamp="20220118 11:30:34.729" level="INFO">Slept 1 second</msg>
<status status="PASS" starttime="20220118 11:30:33.704" endtime="20220118 11:30:34.730"/>
</kw>
<kw name="Scroll Element Into View" library="SeleniumLibrary">
<arg>//*[@id="account-creation_form"]/div[2]/p[10]/label</arg>
<doc>Scrolls the element identified by ``locator`` into view.</doc>
<status status="PASS" starttime="20220118 11:30:34.731" endtime="20220118 11:30:35.208"/>
</kw>
<kw name="Sleep" library="BuiltIn">
<arg>1</arg>
<doc>Pauses the test executed for the given time.</doc>
<msg timestamp="20220118 11:30:36.228" level="INFO">Slept 1 second</msg>
<status status="PASS" starttime="20220118 11:30:35.209" endtime="20220118 11:30:36.232"/>
</kw>
<kw name="Input Text" library="SeleniumLibrary">
<arg>xpath=//*[@id="company"]</arg>
<arg>AlfacecomTomate</arg>
<doc>Types the given ``text`` into the text field identified by ``locator``.</doc>
<msg timestamp="20220118 11:30:36.238" level="INFO">Typing text 'AlfacecomTomate' into text field 'xpath=//*[@id="company"]'.</msg>
<status status="PASS" starttime="20220118 11:30:36.235" endtime="20220118 11:30:37.158"/>
</kw>
<kw name="Sleep" library="BuiltIn">
<arg>0.8</arg>
<doc>Pauses the test executed for the given time.</doc>
<msg timestamp="20220118 11:30:37.965" level="INFO">Slept 800 milliseconds</msg>
<status status="PASS" starttime="20220118 11:30:37.159" endtime="20220118 11:30:37.965"/>
</kw>
<kw name="Input Text" library="SeleniumLibrary">
<arg>xpath=//*[@id="address1"]</arg>
<arg>2460 Black Oak Hollow Road</arg>
<doc>Types the given ``text`` into the text field identified by ``locator``.</doc>
<msg timestamp="20220118 11:30:37.968" level="INFO">Typing text '2460 Black Oak Hollow Road' into text field 'xpath=//*[@id="address1"]'.</msg>
<status status="PASS" starttime="20220118 11:30:37.966" endtime="20220118 11:30:39.383"/>
</kw>
<kw name="Input Text" library="SeleniumLibrary">
<arg>xpath=//*[@id="address2"]</arg>
<arg>Unit 3</arg>
<doc>Types the given ``text`` into the text field identified by ``locator``.</doc>
<msg timestamp="20220118 11:30:39.385" level="INFO">Typing text 'Unit 3' into text field 'xpath=//*[@id="address2"]'.</msg>
<status status="PASS" starttime="20220118 11:30:39.383" endtime="20220118 11:30:40.245"/>
</kw>
<kw name="Sleep" library="BuiltIn">
<arg>0.5</arg>
<doc>Pauses the test executed for the given time.</doc>
<msg timestamp="20220118 11:30:40.752" level="INFO">Slept 500 milliseconds</msg>
<status status="PASS" starttime="20220118 11:30:40.246" endtime="20220118 11:30:40.753"/>
</kw>
<kw name="Input Text" library="SeleniumLibrary">
<arg>xpath=//*[@id="city"]</arg>
<arg>Nova York</arg>
<doc>Types the given ``text`` into the text field identified by ``locator``.</doc>
<msg timestamp="20220118 11:30:40.755" level="INFO">Typing text 'Nova York' into text field 'xpath=//*[@id="city"]'.</msg>
<status status="PASS" starttime="20220118 11:30:40.753" endtime="20220118 11:30:41.658"/>
</kw>
<kw name="Sleep" library="BuiltIn">
<arg>0.5</arg>
<doc>Pauses the test executed for the given time.</doc>
<msg timestamp="20220118 11:30:42.178" level="INFO">Slept 500 milliseconds</msg>
<status status="PASS" starttime="20220118 11:30:41.659" endtime="20220118 11:30:42.185"/>
</kw>
<kw name="Click Element" library="SeleniumLibrary">
<arg>xpath=//*[@id="id_state"]</arg>
<doc>Click the element identified by ``locator``.</doc>
<msg timestamp="20220118 11:30:42.188" level="INFO">Clicking element 'xpath=//*[@id="id_state"]'.</msg>
<status status="PASS" starttime="20220118 11:30:42.186" endtime="20220118 11:30:42.846"/>
</kw>
<kw name="Click Element" library="SeleniumLibrary">
<arg>xpath=//*[@id="id_state"]/option[34]</arg>
<doc>Click the element identified by ``locator``.</doc>
<msg timestamp="20220118 11:30:42.851" level="INFO">Clicking element 'xpath=//*[@id="id_state"]/option[34]'.</msg>
<status status="PASS" starttime="20220118 11:30:42.850" endtime="20220118 11:30:43.276"/>
</kw>
<kw name="Sleep" library="BuiltIn">
<arg>0.5</arg>
<doc>Pauses the test executed for the given time.</doc>
<msg timestamp="20220118 11:30:43.788" level="INFO">Slept 500 milliseconds</msg>
<status status="PASS" starttime="20220118 11:30:43.277" endtime="20220118 11:30:43.788"/>
</kw>
<kw name="Input Text" library="SeleniumLibrary">
<arg>xpath=//*[@id="postcode"]</arg>
<arg>10001</arg>
<doc>Types the given ``text`` into the text field identified by ``locator``.</doc>
<msg timestamp="20220118 11:30:43.791" level="INFO">Typing text '10001' into text field 'xpath=//*[@id="postcode"]'.</msg>
<status status="PASS" starttime="20220118 11:30:43.789" endtime="20220118 11:30:44.646"/>
</kw>
<kw name="Input Text" library="SeleniumLibrary">
<arg>xpath=//*[@id="phone"]</arg>
<arg>+1 845-326-5300</arg>
<doc>Types the given ``text`` into the text field identified by ``locator``.</doc>
<msg timestamp="20220118 11:30:44.648" level="INFO">Typing text '+1 845-326-5300' into text field 'xpath=//*[@id="phone"]'.</msg>
<status status="PASS" starttime="20220118 11:30:44.647" endtime="20220118 11:30:45.656"/>
</kw>
<kw name="Sleep" library="BuiltIn">
<arg>0.5</arg>
<doc>Pauses the test executed for the given time.</doc>
<msg timestamp="20220118 11:30:46.173" level="INFO">Slept 500 milliseconds</msg>
<status status="PASS" starttime="20220118 11:30:45.657" endtime="20220118 11:30:46.174"/>
</kw>
<kw name="Input Text" library="SeleniumLibrary">
<arg>xpath=//*[@id="alias"]</arg>
<arg>BiluBilu</arg>
<doc>Types the given ``text`` into the text field identified by ``locator``.</doc>
<msg timestamp="20220118 11:30:46.176" level="INFO">Typing text 'BiluBilu' into text field 'xpath=//*[@id="alias"]'.</msg>
<status status="PASS" starttime="20220118 11:30:46.174" endtime="20220118 11:30:47.194"/>
</kw>
<kw name="Sleep" library="BuiltIn">
<arg>0.5</arg>
<doc>Pauses the test executed for the given time.</doc>
<msg timestamp="20220118 11:30:47.700" level="INFO">Slept 500 milliseconds</msg>
<status status="PASS" starttime="20220118 11:30:47.196" endtime="20220118 11:30:47.701"/>
</kw>
<kw name="Click Element" library="SeleniumLibrary">
<arg>xpath=//*[@id="submitAccount"]/span</arg>
<doc>Click the element identified by ``locator``.</doc>
<msg timestamp="20220118 11:30:47.703" level="INFO">Clicking element 'xpath=//*[@id="submitAccount"]/span'.</msg>
<status status="PASS" starttime="20220118 11:30:47.701" endtime="20220118 11:30:53.413"/>
</kw>
<status status="PASS" starttime="20220118 11:30:24.602" endtime="20220118 11:30:53.414"/>
</kw>
<status status="PASS" starttime="20220118 11:29:52.458" endtime="20220118 11:30:53.424"/>
</test>
<doc>Automação do Registro de Usuário</doc>
<status status="PASS" starttime="20220118 11:29:50.285" endtime="20220118 11:30:53.449"/>
</suite>
<statistics>
<total>
<stat pass="1" fail="0" skip="0">All Tests</stat>
</total>
<tag>
</tag>
<suite>
<stat pass="1" fail="0" skip="0" id="s1" name="Suite">Suite</stat>
</suite>
</statistics>
<errors>
</errors>
</robot>
